30/11/2021 05:01:24 Starting bot
30/11/2021 05:01:24 Balance ~> 1214 DogeHero Tokens
30/11/2021 05:01:26 Balance ~> 2156 CryptoAffiliates Tokens
30/11/2021 05:01:27 Balance ~> 755 1xbitcoins Tokens
30/11/2021 05:01:28 Balance ~> 3040 BTC Bunch Tokens
30/11/2021 05:01:30 Balance ~> 164400 Free Shiba Binance Tokens Tokens
30/11/2021 05:02:32 Update balance ~> 1214.4 DogeHero Tokens
30/11/2021 05:03:20 Starting bot
30/11/2021 05:03:21 Balance ~> 1214.4 DogeHero Tokens
30/11/2021 05:03:21 Balance ~> 2156 CryptoAffiliates Tokens
30/11/2021 05:03:22 Balance ~> 755 1xbitcoins Tokens
30/11/2021 05:03:24 Balance ~> 3040 BTC Bunch Tokens
30/11/2021 05:03:26 Balance ~> 164400 Free Shiba Binance Tokens Tokens
30/11/2021 05:04:29 Update balance ~> 1214.5 DogeHero Tokens
30/11/2021 05:05:32 Update balance ~> 1214.6 DogeHero Tokens
30/11/2021 05:05:33 Update balance ~> 2157 CryptoAffiliates Tokens
30/11/2021 05:06:36 Update balance ~> 1214.7 DogeHero Tokens
30/11/2021 05:06:39 Update balance ~> 756 1xbitcoins Tokens
30/11/2021 05:07:41 Update balance ~> 1214.8 DogeHero Tokens
30/11/2021 05:07:43 Update balance ~> 2158 CryptoAffiliates Tokens
30/11/2021 05:08:45 Update balance ~> 1214.9 DogeHero Tokens
30/11/2021 05:08:47 Update balance ~> 3045 BTC Bunch Tokens
30/11/2021 05:09:49 Update balance ~> 1215 DogeHero Tokens
30/11/2021 05:09:51 Update balance ~> 2159 CryptoAffiliates Tokens
30/11/2021 05:09:54 Update balance ~> 757 1xbitcoins Tokens
30/11/2021 05:10:58 Update balance ~> 1215.1 DogeHero Tokens
30/11/2021 05:12:00 Update balance ~> 1215.2 DogeHero Tokens
30/11/2021 05:12:03 Update balance ~> 2160 CryptoAffiliates Tokens
30/11/2021 05:13:05 Update balance ~> 1215.3 DogeHero Tokens
30/11/2021 05:13:09 Update balance ~> 758 1xbitcoins Tokens
30/11/2021 05:14:11 Update balance ~> 1215.4 DogeHero Tokens
30/11/2021 05:14:13 Update balance ~> 2161 CryptoAffiliates Tokens
30/11/2021 05:14:15 Update balance ~> 3050 BTC Bunch Tokens
30/11/2021 05:15:17 Update balance ~> 1215.5 DogeHero Tokens
30/11/2021 05:16:19 Update balance ~> 1215.6 DogeHero Tokens
30/11/2021 05:16:21 Update balance ~> 2162 CryptoAffiliates Tokens
30/11/2021 05:16:24 Update balance ~> 759 1xbitcoins Tokens
30/11/2021 05:17:26 Update balance ~> 1215.7 DogeHero Tokens
30/11/2021 05:18:28 Update balance ~> 1215.8 DogeHero Tokens
30/11/2021 05:18:30 Update balance ~> 2163 CryptoAffiliates Tokens
30/11/2021 05:19:35 Update balance ~> 165000 Free Shiba Binance Tokens Tokens
30/11/2021 05:19:37 Update balance ~> 1215.9 DogeHero Tokens
30/11/2021 05:20:40 Update balance ~> 1216 DogeHero Tokens
30/11/2021 05:21:42 Update balance ~> 1216.1 DogeHero Tokens
30/11/2021 05:21:44 Update balance ~> 2164 CryptoAffiliates Tokens
30/11/2021 05:22:46 Update balance ~> 1216.2 DogeHero Tokens
30/11/2021 05:22:50 Update balance ~> 760 1xbitcoins Tokens
30/11/2021 05:23:53 Update balance ~> 1216.3 DogeHero Tokens
30/11/2021 05:23:55 Update balance ~> 2165 CryptoAffiliates Tokens
30/11/2021 05:24:57 Update balance ~> 1216.4 DogeHero Tokens
30/11/2021 05:25:00 Update balance ~> 3055 BTC Bunch Tokens
30/11/2021 05:26:03 Update balance ~> 1216.5 DogeHero Tokens
30/11/2021 05:26:05 Update balance ~> 2166 CryptoAffiliates Tokens
30/11/2021 05:26:08 Update balance ~> 761 1xbitcoins Tokens
30/11/2021 05:27:11 Update balance ~> 1216.6 DogeHero Tokens
30/11/2021 05:28:13 Update balance ~> 1216.7 DogeHero Tokens
30/11/2021 05:28:16 Update balance ~> 2167 CryptoAffiliates Tokens
30/11/2021 05:29:19 Update balance ~> 1216.8 DogeHero Tokens
30/11/2021 05:29:22 Update balance ~> 762 1xbitcoins Tokens
30/11/2021 05:30:25 Update balance ~> 1216.9 DogeHero Tokens
30/11/2021 05:30:27 Update balance ~> 2168 CryptoAffiliates Tokens
30/11/2021 05:30:29 Update balance ~> 3060 BTC Bunch Tokens
30/11/2021 05:31:33 Update balance ~> 1217 DogeHero Tokens
30/11/2021 05:32:35 Update balance ~> 1217.1 DogeHero Tokens
30/11/2021 05:32:37 Update balance ~> 2169 CryptoAffiliates Tokens
30/11/2021 05:32:40 Update balance ~> 763 1xbitcoins Tokens
30/11/2021 05:33:43 Update balance ~> 1217.2 DogeHero Tokens
30/11/2021 05:34:45 Update balance ~> 1217.3 DogeHero Tokens
30/11/2021 05:34:47 Update balance ~> 2170 CryptoAffiliates Tokens
30/11/2021 05:35:52 Update balance ~> 165600 Free Shiba Binance Tokens Tokens
30/11/2021 05:35:55 Update balance ~> 1217.4 DogeHero Tokens
30/11/2021 05:36:57 Update balance ~> 1217.5 DogeHero Tokens
30/11/2021 05:37:59 Update balance ~> 1217.6 DogeHero Tokens
30/11/2021 05:38:01 Update balance ~> 2171 CryptoAffiliates Tokens
30/11/2021 05:39:03 Update balance ~> 1217.7 DogeHero Tokens
30/11/2021 05:39:07 Update balance ~> 764 1xbitcoins Tokens
30/11/2021 05:40:09 Update balance ~> 1217.8 DogeHero Tokens
30/11/2021 05:40:11 Update balance ~> 2172 CryptoAffiliates Tokens
30/11/2021 05:41:14 Update balance ~> 1217.9 DogeHero Tokens
30/11/2021 05:41:16 Update balance ~> 3065 BTC Bunch Tokens
30/11/2021 05:42:18 Update balance ~> 1218 DogeHero Tokens
30/11/2021 05:42:20 Update balance ~> 2173 CryptoAffiliates Tokens
30/11/2021 05:42:23 Update balance ~> 765 1xbitcoins Tokens
30/11/2021 05:43:26 Update balance ~> 1218.1 DogeHero Tokens
30/11/2021 05:44:29 Update balance ~> 1218.2 DogeHero Tokens
30/11/2021 05:44:31 Update balance ~> 2174 CryptoAffiliates Tokens
30/11/2021 05:45:33 Update balance ~> 1218.3 DogeHero Tokens
30/11/2021 05:45:37 Update balance ~> 766 1xbitcoins Tokens
30/11/2021 05:46:40 Update balance ~> 1218.4 DogeHero Tokens
30/11/2021 05:46:42 Update balance ~> 2175 CryptoAffiliates Tokens
30/11/2021 05:46:44 Update balance ~> 3070 BTC Bunch Tokens
30/11/2021 05:47:46 Update balance ~> 1218.5 DogeHero Tokens
30/11/2021 05:48:48 Update balance ~> 1218.6 DogeHero Tokens
30/11/2021 05:48:50 Update balance ~> 2176 CryptoAffiliates Tokens
30/11/2021 05:48:54 Update balance ~> 767 1xbitcoins Tokens
30/11/2021 05:49:56 Update balance ~> 1218.7 DogeHero Tokens
30/11/2021 05:50:58 Update balance ~> 1218.8 DogeHero Tokens
30/11/2021 05:51:02 Update balance ~> 2177 CryptoAffiliates Tokens
30/11/2021 05:52:06 Update balance ~> 166200 Free Shiba Binance Tokens Tokens
30/11/2021 05:52:09 Update balance ~> 1218.9 DogeHero Tokens
30/11/2021 05:53:11 Update balance ~> 1219 DogeHero Tokens
30/11/2021 05:54:14 Update balance ~> 1219.1 DogeHero Tokens
30/11/2021 05:54:15 Update balance ~> 2178 CryptoAffiliates Tokens
30/11/2021 05:55:18 Update balance ~> 1219.2 DogeHero Tokens
30/11/2021 05:55:21 Update balance ~> 768 1xbitcoins Tokens
30/11/2021 05:56:24 Update balance ~> 1219.3 DogeHero Tokens
30/11/2021 05:56:25 Update balance ~> 2179 CryptoAffiliates Tokens
30/11/2021 05:57:27 Update balance ~> 1219.4 DogeHero Tokens
30/11/2021 05:57:29 Update balance ~> 3075 BTC Bunch Tokens
30/11/2021 05:58:32 Update balance ~> 1219.5 DogeHero Tokens
30/11/2021 05:58:33 Update balance ~> 2180 CryptoAffiliates Tokens
30/11/2021 05:58:36 Update balance ~> 769 1xbitcoins Tokens
30/11/2021 05:59:38 Update balance ~> 1219.6 DogeHero Tokens
30/11/2021 06:00:41 Update balance ~> 1219.7 DogeHero Tokens
30/11/2021 06:00:43 Update balance ~> 2181 CryptoAffiliates Tokens
30/11/2021 06:01:46 Update balance ~> 1219.8 DogeHero Tokens
30/11/2021 06:01:49 Update balance ~> 770 1xbitcoins Tokens
30/11/2021 06:02:52 Update balance ~> 1219.9 DogeHero Tokens
30/11/2021 06:02:54 Update balance ~> 2182 CryptoAffiliates Tokens
30/11/2021 06:02:56 Update balance ~> 3080 BTC Bunch Tokens
30/11/2021 06:03:58 Update balance ~> 1220 DogeHero Tokens